{"C:\\Users\\juanmatias.gomez\\Documents\\Cursos Udemy\\React\\03-gifs-app\\src\\GifsApp.tsx": {"path":"C:\\Users\\juanmatias.gomez\\Documents\\Cursos Udemy\\React\\03-gifs-app\\src\\GifsApp.tsx","statementMap":{"0":{"start":{"line":7,"column":23},"end":{"line":38,"column":null}},"1":{"start":{"line":8,"column":77},"end":{"line":9,"column":null}},"2":{"start":{"line":11,"column":2},"end":{"line":35,"column":null}}},"fnMap":{"0":{"name":"(anonymous_0)","decl":{"start":{"line":7,"column":23},"end":{"line":7,"column":null}},"loc":{"start":{"line":7,"column":23},"end":{"line":38,"column":null}},"line":7}},"branchMap":{},"s":{"0":1,"1":1,"2":1},"f":{"0":1},"b":{},"meta":{"lastBranch":0,"lastFunction":1,"lastStatement":3,"seen":{"s:7:23:38:Infinity":0,"f:7:23:7:Infinity":0,"s:8:77:9:Infinity":1,"s:11:2:35:Infinity":2}}}
,"C:\\Users\\juanmatias.gomez\\Documents\\Cursos Udemy\\React\\03-gifs-app\\src\\counter\\components\\MyCounterApp.tsx": {"path":"C:\\Users\\juanmatias.gomez\\Documents\\Cursos Udemy\\React\\03-gifs-app\\src\\counter\\components\\MyCounterApp.tsx","statementMap":{"0":{"start":{"line":3,"column":28},"end":{"line":23,"column":null}},"1":{"start":{"line":4,"column":59},"end":{"line":4,"column":null}},"2":{"start":{"line":6,"column":2},"end":{"line":19,"column":null}}},"fnMap":{"0":{"name":"(anonymous_0)","decl":{"start":{"line":3,"column":28},"end":{"line":3,"column":null}},"loc":{"start":{"line":3,"column":28},"end":{"line":23,"column":null}},"line":3}},"branchMap":{},"s":{"0":2,"1":7,"2":7},"f":{"0":7},"b":{},"meta":{"lastBranch":0,"lastFunction":1,"lastStatement":3,"seen":{"s:3:28:23:Infinity":0,"f:3:28:3:Infinity":0,"s:4:59:4:Infinity":1,"s:6:2:19:Infinity":2}}}
,"C:\\Users\\juanmatias.gomez\\Documents\\Cursos Udemy\\React\\03-gifs-app\\src\\counter\\hooks\\useCounter.tsx": {"path":"C:\\Users\\juanmatias.gomez\\Documents\\Cursos Udemy\\React\\03-gifs-app\\src\\counter\\hooks\\useCounter.tsx","statementMap":{"0":{"start":{"line":3,"column":26},"end":{"line":19,"column":null}},"1":{"start":{"line":4,"column":29},"end":{"line":4,"column":null}},"2":{"start":{"line":7,"column":20},"end":{"line":7,"column":null}},"3":{"start":{"line":7,"column":26},"end":{"line":7,"column":null}},"4":{"start":{"line":7,"column":52},"end":{"line":7,"column":null}},"5":{"start":{"line":8,"column":25},"end":{"line":8,"column":null}},"6":{"start":{"line":8,"column":31},"end":{"line":8,"column":null}},"7":{"start":{"line":8,"column":57},"end":{"line":8,"column":null}},"8":{"start":{"line":9,"column":22},"end":{"line":9,"column":null}},"9":{"start":{"line":9,"column":28},"end":{"line":9,"column":null}},"10":{"start":{"line":11,"column":2},"end":{"line":18,"column":null}}},"fnMap":{"0":{"name":"(anonymous_0)","decl":{"start":{"line":3,"column":26},"end":{"line":3,"column":27}},"loc":{"start":{"line":3,"column":51},"end":{"line":19,"column":null}},"line":3},"1":{"name":"(anonymous_1)","decl":{"start":{"line":7,"column":20},"end":{"line":7,"column":26}},"loc":{"start":{"line":7,"column":26},"end":{"line":7,"column":null}},"line":7},"2":{"name":"(anonymous_2)","decl":{"start":{"line":7,"column":37},"end":{"line":7,"column":38}},"loc":{"start":{"line":7,"column":52},"end":{"line":7,"column":null}},"line":7},"3":{"name":"(anonymous_3)","decl":{"start":{"line":8,"column":25},"end":{"line":8,"column":31}},"loc":{"start":{"line":8,"column":31},"end":{"line":8,"column":null}},"line":8},"4":{"name":"(anonymous_4)","decl":{"start":{"line":8,"column":42},"end":{"line":8,"column":43}},"loc":{"start":{"line":8,"column":57},"end":{"line":8,"column":null}},"line":8},"5":{"name":"(anonymous_5)","decl":{"start":{"line":9,"column":22},"end":{"line":9,"column":28}},"loc":{"start":{"line":9,"column":28},"end":{"line":9,"column":null}},"line":9}},"branchMap":{"0":{"loc":{"start":{"line":3,"column":27},"end":{"line":3,"column":51}},"type":"default-arg","locations":[{"start":{"line":3,"column":50},"end":{"line":3,"column":51}}],"line":3}},"s":{"0":2,"1":14,"2":14,"3":4,"4":4,"5":14,"6":2,"7":2,"8":14,"9":1,"10":14},"f":{"0":14,"1":4,"2":4,"3":2,"4":2,"5":1},"b":{"0":[14]},"meta":{"lastBranch":1,"lastFunction":6,"lastStatement":11,"seen":{"s:3:26:19:Infinity":0,"f:3:26:3:27":0,"b:3:50:3:51":0,"s:4:29:4:Infinity":1,"s:7:20:7:Infinity":2,"f:7:20:7:26":1,"s:7:26:7:Infinity":3,"f:7:37:7:38":2,"s:7:52:7:Infinity":4,"s:8:25:8:Infinity":5,"f:8:25:8:31":3,"s:8:31:8:Infinity":6,"f:8:42:8:43":4,"s:8:57:8:Infinity":7,"s:9:22:9:Infinity":8,"f:9:22:9:28":5,"s:9:28:9:Infinity":9,"s:11:2:18:Infinity":10}}}
,"C:\\Users\\juanmatias.gomez\\Documents\\Cursos Udemy\\React\\03-gifs-app\\src\\gifs\\actions\\get-gifs-by-query.action.ts": {"path":"C:\\Users\\juanmatias.gomez\\Documents\\Cursos Udemy\\React\\03-gifs-app\\src\\gifs\\actions\\get-gifs-by-query.action.ts","statementMap":{"0":{"start":{"line":5,"column":30},"end":{"line":27,"column":null}},"1":{"start":{"line":6,"column":2},"end":{"line":6,"column":null}},"2":{"start":{"line":6,"column":33},"end":{"line":6,"column":null}},"3":{"start":{"line":8,"column":2},"end":{"line":26,"column":null}},"4":{"start":{"line":9,"column":21},"end":{"line":14,"column":null}},"5":{"start":{"line":16,"column":4},"end":{"line":22,"column":null}},"6":{"start":{"line":16,"column":44},"end":{"line":22,"column":null}},"7":{"start":{"line":24,"column":4},"end":{"line":24,"column":null}},"8":{"start":{"line":25,"column":4},"end":{"line":25,"column":null}}},"fnMap":{"0":{"name":"(anonymous_0)","decl":{"start":{"line":5,"column":30},"end":{"line":5,"column":37}},"loc":{"start":{"line":5,"column":37},"end":{"line":27,"column":null}},"line":5},"1":{"name":"(anonymous_1)","decl":{"start":{"line":16,"column":34},"end":{"line":16,"column":35}},"loc":{"start":{"line":16,"column":44},"end":{"line":22,"column":null}},"line":16}},"branchMap":{"0":{"loc":{"start":{"line":6,"column":2},"end":{"line":6,"column":null}},"type":"if","locations":[{"start":{"line":6,"column":2},"end":{"line":6,"column":null}},{"start":{},"end":{}}],"line":6}},"s":{"0":3,"1":7,"2":1,"3":6,"4":6,"5":5,"6":50,"7":1,"8":1},"f":{"0":7,"1":50},"b":{"0":[1,6]},"meta":{"lastBranch":1,"lastFunction":2,"lastStatement":9,"seen":{"s:5:30:27:Infinity":0,"f:5:30:5:37":0,"b:6:2:6:Infinity:undefined:undefined:undefined:undefined":0,"s:6:2:6:Infinity":1,"s:6:33:6:Infinity":2,"s:8:2:26:Infinity":3,"s:9:21:14:Infinity":4,"s:16:4:22:Infinity":5,"f:16:34:16:35":1,"s:16:44:22:Infinity":6,"s:24:4:24:Infinity":7,"s:25:4:25:Infinity":8}}}
,"C:\\Users\\juanmatias.gomez\\Documents\\Cursos Udemy\\React\\03-gifs-app\\src\\gifs\\api\\giphy.api.ts": {"path":"C:\\Users\\juanmatias.gomez\\Documents\\Cursos Udemy\\React\\03-gifs-app\\src\\gifs\\api\\giphy.api.ts","statementMap":{"0":{"start":{"line":3,"column":24},"end":{"line":9,"column":null}}},"fnMap":{},"branchMap":{},"s":{"0":4},"f":{},"b":{},"meta":{"lastBranch":0,"lastFunction":0,"lastStatement":1,"seen":{"s:3:24:9:Infinity":0}}}
,"C:\\Users\\juanmatias.gomez\\Documents\\Cursos Udemy\\React\\03-gifs-app\\src\\gifs\\components\\GifItem.tsx": {"path":"C:\\Users\\juanmatias.gomez\\Documents\\Cursos Udemy\\React\\03-gifs-app\\src\\gifs\\components\\GifItem.tsx","statementMap":{"0":{"start":{"line":7,"column":23},"end":{"line":17,"column":null}},"1":{"start":{"line":8,"column":2},"end":{"line":9,"column":26}}},"fnMap":{"0":{"name":"(anonymous_0)","decl":{"start":{"line":7,"column":23},"end":{"line":7,"column":24}},"loc":{"start":{"line":7,"column":42},"end":{"line":17,"column":null}},"line":7}},"branchMap":{},"s":{"0":3,"1":2},"f":{"0":2},"b":{},"meta":{"lastBranch":0,"lastFunction":1,"lastStatement":2,"seen":{"s:7:23:17:Infinity":0,"f:7:23:7:24":0,"s:8:2:9:26":1}}}
,"C:\\Users\\juanmatias.gomez\\Documents\\Cursos Udemy\\React\\03-gifs-app\\src\\gifs\\components\\GifList.tsx": {"path":"C:\\Users\\juanmatias.gomez\\Documents\\Cursos Udemy\\React\\03-gifs-app\\src\\gifs\\components\\GifList.tsx","statementMap":{"0":{"start":{"line":7,"column":23},"end":{"line":15,"column":null}},"1":{"start":{"line":8,"column":2},"end":{"line":11,"column":30}},"2":{"start":{"line":10,"column":17},"end":{"line":11,"column":30}}},"fnMap":{"0":{"name":"(anonymous_0)","decl":{"start":{"line":7,"column":23},"end":{"line":7,"column":24}},"loc":{"start":{"line":7,"column":39},"end":{"line":15,"column":null}},"line":7},"1":{"name":"(anonymous_1)","decl":{"start":{"line":10,"column":16},"end":{"line":10,"column":17}},"loc":{"start":{"line":10,"column":17},"end":{"line":11,"column":30}},"line":10}},"branchMap":{},"s":{"0":2,"1":2,"2":1},"f":{"0":2,"1":1},"b":{},"meta":{"lastBranch":0,"lastFunction":2,"lastStatement":3,"seen":{"s:7:23:15:Infinity":0,"f:7:23:7:24":0,"s:8:2:11:30":1,"f:10:16:10:17":1,"s:10:17:11:30":2}}}
,"C:\\Users\\juanmatias.gomez\\Documents\\Cursos Udemy\\React\\03-gifs-app\\src\\gifs\\components\\PreviousSearches.tsx": {"path":"C:\\Users\\juanmatias.gomez\\Documents\\Cursos Udemy\\React\\03-gifs-app\\src\\gifs\\components\\PreviousSearches.tsx","statementMap":{"0":{"start":{"line":7,"column":32},"end":{"line":24,"column":null}},"1":{"start":{"line":12,"column":2},"end":{"line":17,"column":26}},"2":{"start":{"line":16,"column":39},"end":{"line":17,"column":26}},"3":{"start":{"line":17,"column":41},"end":{"line":17,"column":null}}},"fnMap":{"0":{"name":"(anonymous_0)","decl":{"start":{"line":7,"column":32},"end":{"line":7,"column":33}},"loc":{"start":{"line":11,"column":8},"end":{"line":24,"column":null}},"line":11},"1":{"name":"(anonymous_1)","decl":{"start":{"line":16,"column":30},"end":{"line":16,"column":31}},"loc":{"start":{"line":16,"column":39},"end":{"line":17,"column":26}},"line":16},"2":{"name":"(anonymous_2)","decl":{"start":{"line":17,"column":35},"end":{"line":17,"column":41}},"loc":{"start":{"line":17,"column":41},"end":{"line":17,"column":null}},"line":17}},"branchMap":{},"s":{"0":1,"1":1,"2":0,"3":0},"f":{"0":1,"1":0,"2":0},"b":{},"meta":{"lastBranch":0,"lastFunction":3,"lastStatement":4,"seen":{"s:7:32:24:Infinity":0,"f:7:32:7:33":0,"s:12:2:17:26":1,"f:16:30:16:31":1,"s:16:39:17:26":2,"f:17:35:17:41":2,"s:17:41:17:Infinity":3}}}
,"C:\\Users\\juanmatias.gomez\\Documents\\Cursos Udemy\\React\\03-gifs-app\\src\\gifs\\hooks\\useGifs.tsx": {"path":"C:\\Users\\juanmatias.gomez\\Documents\\Cursos Udemy\\React\\03-gifs-app\\src\\gifs\\hooks\\useGifs.tsx","statementMap":{"0":{"start":{"line":7,"column":23},"end":{"line":53,"column":null}},"1":{"start":{"line":8,"column":23},"end":{"line":8,"column":null}},"2":{"start":{"line":9,"column":47},"end":{"line":9,"column":null}},"3":{"start":{"line":11,"column":8},"end":{"line":11,"column":null}},"4":{"start":{"line":13,"column":38},"end":{"line":27,"column":null}},"5":{"start":{"line":19,"column":4},"end":{"line":22,"column":null}},"6":{"start":{"line":20,"column":6},"end":{"line":20,"column":null}},"7":{"start":{"line":21,"column":6},"end":{"line":21,"column":null}},"8":{"start":{"line":24,"column":17},"end":{"line":24,"column":null}},"9":{"start":{"line":25,"column":4},"end":{"line":25,"column":null}},"10":{"start":{"line":26,"column":4},"end":{"line":26,"column":null}},"11":{"start":{"line":29,"column":23},"end":{"line":45,"column":null}},"12":{"start":{"line":30,"column":4},"end":{"line":30,"column":null}},"13":{"start":{"line":32,"column":4},"end":{"line":32,"column":null}},"14":{"start":{"line":32,"column":28},"end":{"line":32,"column":null}},"15":{"start":{"line":34,"column":4},"end":{"line":34,"column":null}},"16":{"start":{"line":34,"column":42},"end":{"line":34,"column":null}},"17":{"start":{"line":36,"column":4},"end":{"line":37,"column":null}},"18":{"start":{"line":37,"column":6},"end":{"line":37,"column":null}},"19":{"start":{"line":40,"column":17},"end":{"line":40,"column":null}},"20":{"start":{"line":41,"column":4},"end":{"line":41,"column":null}},"21":{"start":{"line":44,"column":4},"end":{"line":44,"column":null}},"22":{"start":{"line":47,"column":2},"end":{"line":52,"column":null}}},"fnMap":{"0":{"name":"(anonymous_0)","decl":{"start":{"line":7,"column":23},"end":{"line":7,"column":null}},"loc":{"start":{"line":7,"column":23},"end":{"line":53,"column":null}},"line":7},"1":{"name":"(anonymous_1)","decl":{"start":{"line":13,"column":38},"end":{"line":13,"column":45}},"loc":{"start":{"line":13,"column":45},"end":{"line":27,"column":null}},"line":13},"2":{"name":"(anonymous_2)","decl":{"start":{"line":29,"column":23},"end":{"line":29,"column":30}},"loc":{"start":{"line":29,"column":48},"end":{"line":45,"column":null}},"line":29},"3":{"name":"(anonymous_3)","decl":{"start":{"line":36,"column":24},"end":{"line":36,"column":25}},"loc":{"start":{"line":37,"column":6},"end":{"line":37,"column":null}},"line":37}},"branchMap":{"0":{"loc":{"start":{"line":19,"column":4},"end":{"line":22,"column":null}},"type":"if","locations":[{"start":{"line":19,"column":4},"end":{"line":22,"column":null}},{"start":{},"end":{}}],"line":19},"1":{"loc":{"start":{"line":29,"column":30},"end":{"line":29,"column":48}},"type":"default-arg","locations":[{"start":{"line":29,"column":46},"end":{"line":29,"column":48}}],"line":29},"2":{"loc":{"start":{"line":32,"column":4},"end":{"line":32,"column":null}},"type":"if","locations":[{"start":{"line":32,"column":4},"end":{"line":32,"column":null}},{"start":{},"end":{}}],"line":32},"3":{"loc":{"start":{"line":34,"column":4},"end":{"line":34,"column":null}},"type":"if","locations":[{"start":{"line":34,"column":4},"end":{"line":34,"column":null}},{"start":{},"end":{}}],"line":34}},"s":{"0":2,"1":14,"2":14,"3":14,"4":14,"5":3,"6":1,"7":1,"8":2,"9":2,"10":2,"11":14,"12":14,"13":14,"14":1,"15":13,"16":1,"17":12,"18":12,"19":12,"20":12,"21":12,"22":14},"f":{"0":14,"1":3,"2":14,"3":12},"b":{"0":[1,2],"1":[14],"2":[1,13],"3":[1,12]},"meta":{"lastBranch":4,"lastFunction":4,"lastStatement":23,"seen":{"s:7:23:53:Infinity":0,"f:7:23:7:Infinity":0,"s:8:23:8:Infinity":1,"s:9:47:9:Infinity":2,"s:11:8:11:Infinity":3,"s:13:38:27:Infinity":4,"f:13:38:13:45":1,"b:19:4:22:Infinity:undefined:undefined:undefined:undefined":0,"s:19:4:22:Infinity":5,"s:20:6:20:Infinity":6,"s:21:6:21:Infinity":7,"s:24:17:24:Infinity":8,"s:25:4:25:Infinity":9,"s:26:4:26:Infinity":10,"s:29:23:45:Infinity":11,"f:29:23:29:30":2,"b:29:46:29:48":1,"s:30:4:30:Infinity":12,"b:32:4:32:Infinity:undefined:undefined:undefined:undefined":2,"s:32:4:32:Infinity":13,"s:32:28:32:Infinity":14,"b:34:4:34:Infinity:undefined:undefined:undefined:undefined":3,"s:34:4:34:Infinity":15,"s:34:42:34:Infinity":16,"s:36:4:37:Infinity":17,"f:36:24:36:25":3,"s:37:6:37:Infinity":18,"s:40:17:40:Infinity":19,"s:41:4:41:Infinity":20,"s:44:4:44:Infinity":21,"s:47:2:52:Infinity":22}}}
,"C:\\Users\\juanmatias.gomez\\Documents\\Cursos Udemy\\React\\03-gifs-app\\src\\shared\\components\\CustomHeader.tsx": {"path":"C:\\Users\\juanmatias.gomez\\Documents\\Cursos Udemy\\React\\03-gifs-app\\src\\shared\\components\\CustomHeader.tsx","statementMap":{"0":{"start":{"line":7,"column":28},"end":{"line":15,"column":null}},"1":{"start":{"line":8,"column":2},"end":{"line":12,"column":null}}},"fnMap":{"0":{"name":"(anonymous_0)","decl":{"start":{"line":7,"column":28},"end":{"line":7,"column":29}},"loc":{"start":{"line":7,"column":68},"end":{"line":15,"column":null}},"line":7}},"branchMap":{"0":{"loc":{"start":{"line":11,"column":7},"end":{"line":11,"column":null}},"type":"binary-expr","locations":[{"start":{"line":11,"column":7},"end":{"line":11,"column":19}},{"start":{"line":11,"column":7},"end":{"line":11,"column":null}}],"line":11},"1":{"loc":{"start":{"line":12,"column":7},"end":{"line":12,"column":null}},"type":"binary-expr","locations":[{"start":{"line":12,"column":7},"end":{"line":12,"column":22}},{"start":{"line":12,"column":7},"end":{"line":12,"column":null}}],"line":12}},"s":{"0":2,"1":5},"f":{"0":5},"b":{"0":[5,2],"1":[5,2]},"meta":{"lastBranch":2,"lastFunction":1,"lastStatement":2,"seen":{"s:7:28:15:Infinity":0,"f:7:28:7:29":0,"s:8:2:12:Infinity":1,"b:11:7:11:19:11:7:11:Infinity":0,"b:12:7:12:22:12:7:12:Infinity":1}}}
,"C:\\Users\\juanmatias.gomez\\Documents\\Cursos Udemy\\React\\03-gifs-app\\src\\shared\\components\\SearchBar.tsx": {"path":"C:\\Users\\juanmatias.gomez\\Documents\\Cursos Udemy\\React\\03-gifs-app\\src\\shared\\components\\SearchBar.tsx","statementMap":{"0":{"start":{"line":9,"column":25},"end":{"line":49,"column":null}},"1":{"start":{"line":14,"column":25},"end":{"line":14,"column":null}},"2":{"start":{"line":16,"column":2},"end":{"line":24,"column":null}},"3":{"start":{"line":17,"column":22},"end":{"line":19,"column":null}},"4":{"start":{"line":18,"column":6},"end":{"line":18,"column":null}},"5":{"start":{"line":21,"column":4},"end":{"line":23,"column":null}},"6":{"start":{"line":22,"column":6},"end":{"line":22,"column":null}},"7":{"start":{"line":26,"column":23},"end":{"line":29,"column":null}},"8":{"start":{"line":27,"column":4},"end":{"line":27,"column":null}},"9":{"start":{"line":28,"column":4},"end":{"line":28,"column":null}},"10":{"start":{"line":31,"column":24},"end":{"line":35,"column":null}},"11":{"start":{"line":32,"column":4},"end":{"line":34,"column":null}},"12":{"start":{"line":33,"column":6},"end":{"line":33,"column":null}},"13":{"start":{"line":37,"column":2},"end":{"line":46,"column":null}},"14":{"start":{"line":43,"column":29},"end":{"line":43,"column":null}}},"fnMap":{"0":{"name":"(anonymous_0)","decl":{"start":{"line":9,"column":25},"end":{"line":9,"column":26}},"loc":{"start":{"line":13,"column":8},"end":{"line":49,"column":null}},"line":13},"1":{"name":"(anonymous_1)","decl":{"start":{"line":16,"column":12},"end":{"line":16,"column":null}},"loc":{"start":{"line":16,"column":12},"end":{"line":24,"column":5}},"line":16},"2":{"name":"(anonymous_2)","decl":{"start":{"line":17,"column":33},"end":{"line":17,"column":null}},"loc":{"start":{"line":17,"column":33},"end":{"line":19,"column":7}},"line":17},"3":{"name":"(anonymous_3)","decl":{"start":{"line":21,"column":11},"end":{"line":21,"column":null}},"loc":{"start":{"line":21,"column":11},"end":{"line":23,"column":null}},"line":21},"4":{"name":"(anonymous_4)","decl":{"start":{"line":26,"column":23},"end":{"line":26,"column":null}},"loc":{"start":{"line":26,"column":23},"end":{"line":29,"column":null}},"line":26},"5":{"name":"(anonymous_5)","decl":{"start":{"line":31,"column":24},"end":{"line":31,"column":25}},"loc":{"start":{"line":31,"column":25},"end":{"line":35,"column":null}},"line":31},"6":{"name":"(anonymous_6)","decl":{"start":{"line":43,"column":18},"end":{"line":43,"column":19}},"loc":{"start":{"line":43,"column":29},"end":{"line":43,"column":null}},"line":43}},"branchMap":{"0":{"loc":{"start":{"line":10,"column":2},"end":{"line":10,"column":32}},"type":"default-arg","locations":[{"start":{"line":10,"column":21},"end":{"line":10,"column":32}}],"line":10},"1":{"loc":{"start":{"line":11,"column":2},"end":{"line":11,"column":24}},"type":"default-arg","locations":[{"start":{"line":11,"column":16},"end":{"line":11,"column":24}}],"line":11},"2":{"loc":{"start":{"line":32,"column":4},"end":{"line":34,"column":null}},"type":"if","locations":[{"start":{"line":32,"column":4},"end":{"line":34,"column":null}},{"start":{},"end":{}}],"line":32}},"s":{"0":2,"1":15,"2":15,"3":15,"4":2,"5":15,"6":15,"7":15,"8":2,"9":2,"10":15,"11":2,"12":1,"13":15,"14":6},"f":{"0":15,"1":15,"2":2,"3":15,"4":2,"5":2,"6":6},"b":{"0":[15],"1":[15],"2":[1,1]},"meta":{"lastBranch":3,"lastFunction":7,"lastStatement":15,"seen":{"s:9:25:49:Infinity":0,"f:9:25:9:26":0,"b:10:21:10:32":0,"b:11:16:11:24":1,"s:14:25:14:Infinity":1,"s:16:2:24:Infinity":2,"f:16:12:16:Infinity":1,"s:17:22:19:Infinity":3,"f:17:33:17:Infinity":2,"s:18:6:18:Infinity":4,"s:21:4:23:Infinity":5,"f:21:11:21:Infinity":3,"s:22:6:22:Infinity":6,"s:26:23:29:Infinity":7,"f:26:23:26:Infinity":4,"s:27:4:27:Infinity":8,"s:28:4:28:Infinity":9,"s:31:24:35:Infinity":10,"f:31:24:31:25":5,"b:32:4:34:Infinity:undefined:undefined:undefined:undefined":2,"s:32:4:34:Infinity":11,"s:33:6:33:Infinity":12,"s:37:2:46:Infinity":13,"f:43:18:43:19":6,"s:43:29:43:Infinity":14}}}
,"C:\\Users\\juanmatias.gomez\\Documents\\Cursos Udemy\\React\\03-gifs-app\\test\\mocks\\giphy.response.data.ts": {"path":"C:\\Users\\juanmatias.gomez\\Documents\\Cursos Udemy\\React\\03-gifs-app\\test\\mocks\\giphy.response.data.ts","statementMap":{"0":{"start":{"line":1,"column":39},"end":{"line":2098,"column":null}}},"fnMap":{},"branchMap":{},"s":{"0":1},"f":{},"b":{},"meta":{"lastBranch":0,"lastFunction":0,"lastStatement":1,"seen":{"s:1:39:2098:Infinity":0}}}
}
